{
  "uid" : "15bdac7840ac2747",
  "name" : "test_demo2",
  "fullName" : "test_case.test_Demo.TestDemo#test_demo2",
  "historyId" : "519ae16d357cdb12d276458e6a29b746",
  "time" : {
    "start" : 1567512935913,
    "stop" : 1567512935914,
    "duration" : 1
  },
  "status" : "failed",
  "statusMessage" : "AssertionError: assert False",
  "statusTrace" : "self = <test_Demo.TestDemo object at 0x7f1b41a51cf8>\n\n    @allure.step(\"test demo Two\")\n    @allure.severity(allure.severity_level.CRITICAL)\n    def test_demo2(self):\n        print(\"i am test_demo2\")\n>       assert False\nE       assert False\n\ntest_Demo.py:15: AssertionError",
  "flaky" : false,
  "beforeStages" : [ ],
  "testStage" : {
    "status" : "failed",
    "statusMessage" : "AssertionError: assert False",
    "statusTrace" : "self = <test_Demo.TestDemo object at 0x7f1b41a51cf8>\n\n    @allure.step(\"test demo Two\")\n    @allure.severity(allure.severity_level.CRITICAL)\n    def test_demo2(self):\n        print(\"i am test_demo2\")\n>       assert False\nE       assert False\n\ntest_Demo.py:15: AssertionError",
    "steps" : [ {
      "name" : "test demo Two",
      "time" : {
        "start" : 1567512935913,
        "stop" : 1567512935913,
        "duration" : 0
      },
      "status" : "failed",
      "statusMessage" : "AssertionError: assert False\n",
      "statusTrace" : "  File \"/local/tools/Python-3.6.9/software/python3.6/lib/python3.6/site-packages/allure_commons/_allure.py\", line 157, in impl\n    return func(*a, **kw)\n  File \"/local/sda/appium_test/test_case/test_Demo.py\", line 15, in test_demo2\n    assert False\n",
      "steps" : [ ],
      "attachments" : [ ],
      "parameters" : [ ],
      "stepsCount" : 0,
      "attachmentsCount" : 0,
      "shouldDisplayMessage" : true,
      "hasContent" : true
    } ],
    "attachments" : [ ],
    "parameters" : [ ],
    "stepsCount" : 1,
    "attachmentsCount" : 0,
    "shouldDisplayMessage" : true,
    "hasContent" : true
  },
  "afterStages" : [ ],
  "labels" : [ {
    "name" : "severity",
    "value" : "critical"
  }, {
    "name" : "parentSuite",
    "value" : "test_case"
  }, {
    "name" : "suite",
    "value" : "test_Demo"
  }, {
    "name" : "subSuite",
    "value" : "TestDemo"
  }, {
    "name" : "host",
    "value" : "ubuntu"
  }, {
    "name" : "thread",
    "value" : "10286-MainThread"
  }, {
    "name" : "framework",
    "value" : "pytest"
  }, {
    "name" : "language",
    "value" : "cpython3"
  }, {
    "name" : "package",
    "value" : "test_case.test_Demo"
  }, {
    "name" : "resultFormat",
    "value" : "allure2"
  } ],
  "parameters" : [ ],
  "links" : [ ],
  "hidden" : false,
  "retry" : false,
  "extra" : {
    "severity" : "critical",
    "retries" : [ {
      "uid" : "72e9db0eecbaeffc",
      "status" : "passed",
      "time" : {
        "start" : 1567512825588,
        "stop" : 1567512825589,
        "duration" : 1
      }
    } ],
    "categories" : [ {
      "name" : "Product defects",
      "matchedStatuses" : [ ],
      "flaky" : false
    } ],
    "tags" : [ ]
  },
  "source" : "15bdac7840ac2747.json",
  "parameterValues" : [ ]
}