{
  "uid" : "aaefe6c3ad622cf8",
  "name" : "test_demo3",
  "fullName" : "test_case.test_Demo.TestDemo#test_demo3",
  "historyId" : "43364fda1e76dc95d6113b28b4216d14",
  "time" : {
    "start" : 1567512935951,
    "stop" : 1567512935952,
    "duration" : 1
  },
  "status" : "failed",
  "statusMessage" : "AssertionError: assert False",
  "statusTrace" : "self = <test_Demo.TestDemo object at 0x7f1b41a51630>\n\n    @allure.step(\"test demo 3\")\n    @allure.severity(\"blocker\")\n    def test_demo3(self):\n        allure.attach(\"this is demo3 attach\")\n        print(\"i am test_demo3\")\n>       assert False\nE       assert False\n\ntest_Demo.py:22: AssertionError",
  "flaky" : true,
  "beforeStages" : [ ],
  "testStage" : {
    "status" : "failed",
    "statusMessage" : "AssertionError: assert False",
    "statusTrace" : "self = <test_Demo.TestDemo object at 0x7f1b41a51630>\n\n    @allure.step(\"test demo 3\")\n    @allure.severity(\"blocker\")\n    def test_demo3(self):\n        allure.attach(\"this is demo3 attach\")\n        print(\"i am test_demo3\")\n>       assert False\nE       assert False\n\ntest_Demo.py:22: AssertionError",
    "steps" : [ {
      "name" : "test demo 3",
      "time" : {
        "start" : 1567512935951,
        "stop" : 1567512935952,
        "duration" : 1
      },
      "status" : "failed",
      "statusMessage" : "AssertionError: assert False\n",
      "statusTrace" : "  File \"/local/tools/Python-3.6.9/software/python3.6/lib/python3.6/site-packages/allure_commons/_allure.py\", line 157, in impl\n    return func(*a, **kw)\n  File \"/local/sda/appium_test/test_case/test_Demo.py\", line 22, in test_demo3\n    assert False\n",
      "steps" : [ ],
      "attachments" : [ {
        "uid" : "19f8d58b16754f62",
        "name" : "c9b49551-0f02-455b-81db-26564daa47cc-attachment.attach",
        "source" : "19f8d58b16754f62.attach",
        "type" : "text/plain",
        "size" : 20
      } ],
      "parameters" : [ ],
      "stepsCount" : 0,
      "attachmentsCount" : 1,
      "shouldDisplayMessage" : true,
      "hasContent" : true
    } ],
    "attachments" : [ ],
    "parameters" : [ ],
    "stepsCount" : 1,
    "attachmentsCount" : 1,
    "shouldDisplayMessage" : true,
    "hasContent" : true
  },
  "afterStages" : [ ],
  "labels" : [ {
    "name" : "severity",
    "value" : "blocker"
  }, {
    "name" : "parentSuite",
    "value" : "test_case"
  }, {
    "name" : "suite",
    "value" : "test_Demo"
  }, {
    "name" : "subSuite",
    "value" : "TestDemo"
  }, {
    "name" : "host",
    "value" : "ubuntu"
  }, {
    "name" : "thread",
    "value" : "10286-MainThread"
  }, {
    "name" : "framework",
    "value" : "pytest"
  }, {
    "name" : "language",
    "value" : "cpython3"
  }, {
    "name" : "package",
    "value" : "test_case.test_Demo"
  }, {
    "name" : "resultFormat",
    "value" : "allure2"
  } ],
  "parameters" : [ ],
  "links" : [ ],
  "hidden" : false,
  "retry" : false,
  "extra" : {
    "severity" : "blocker",
    "retries" : [ {
      "uid" : "78cbcef673c6acb8",
      "status" : "failed",
      "statusDetails" : "AssertionError: assert False",
      "time" : {
        "start" : 1567512825590,
        "stop" : 1567512825591,
        "duration" : 1
      }
    } ],
    "categories" : [ {
      "name" : "Product defects",
      "matchedStatuses" : [ ],
      "flaky" : false
    } ],
    "tags" : [ ]
  },
  "source" : "aaefe6c3ad622cf8.json",
  "parameterValues" : [ ]
}