{"name": "test_demo3", "status": "failed", "statusDetails": {"message": "AssertionError: assert False", "trace": "self = <test_Demo.TestDemo object at 0x7f1b41a51630>\n\n    @allure.step(\"test demo 3\")\n    @allure.severity(\"blocker\")\n    def test_demo3(self):\n        allure.attach(\"this is demo3 attach\")\n        print(\"i am test_demo3\")\n>       assert False\nE       assert False\n\ntest_Demo.py:22: AssertionError"}, "steps": [{"name": "test demo 3", "status": "failed", "statusDetails": {"message": "AssertionError: assert False\n", "trace": "  File \"/local/tools/Python-3.6.9/software/python3.6/lib/python3.6/site-packages/allure_commons/_allure.py\", line 157, in impl\n    return func(*a, **kw)\n  File \"/local/sda/appium_test/test_case/test_Demo.py\", line 22, in test_demo3\n    assert False\n"}, "attachments": [{"source": "c9b49551-0f02-455b-81db-26564daa47cc-attachment.attach"}], "start": 1567512935951, "stop": 1567512935952}], "start": 1567512935951, "stop": 1567512935952, "uuid": "2cd1e612-d6a4-40b3-859d-4c09da6d4ce9", "historyId": "43364fda1e76dc95d6113b28b4216d14", "testCaseId": "53dc9fb9eafe72de19785ba83a4b45a8", "fullName": "test_case.test_Demo.TestDemo#test_demo3", "labels": [{"name": "severity", "value": "blocker"}, {"name": "parentSuite", "value": "test_case"}, {"name": "suite", "value": "test_Demo"}, {"name": "subSuite", "value": "TestDemo"}, {"name": "host", "value": "ubuntu"}, {"name": "thread", "value": "10286-MainThread"}, {"name": "framework", "value": "pytest"}, {"name": "language", "value": "cpython3"}, {"name": "package", "value": "test_case.test_Demo"}]}