{"name": "test_demo3", "status": "failed", "statusDetails": {"message": "AssertionError: assert False", "trace": "self = <test_Demo.TestDemo object at 0x7f9459f4b550>\n\n    @allure.step(\"test demo 3\")\n    def test_demo3(self):\n        allure.attach(\"this is demo3 attach\")\n        print(\"i am test_demo3\")\n>       assert False\nE       assert False\n\ntest_Demo.py:21: AssertionError"}, "steps": [{"name": "test demo 3", "status": "failed", "statusDetails": {"message": "AssertionError: assert False\n", "trace": "  File \"/local/tools/Python-3.6.9/software/python3.6/lib/python3.6/site-packages/allure_commons/_allure.py\", line 157, in impl\n    return func(*a, **kw)\n  File \"/local/sda/appium_test/test_case/test_Demo.py\", line 21, in test_demo3\n    assert False\n"}, "attachments": [{"source": "e871f67f-7864-4b79-80c6-d4f960262345-attachment.attach"}], "start": 1567512825591, "stop": 1567512825591}], "start": 1567512825590, "stop": 1567512825591, "uuid": "03a7149e-b2da-4fad-ac87-4b8c9743c7b9", "historyId": "43364fda1e76dc95d6113b28b4216d14", "testCaseId": "53dc9fb9eafe72de19785ba83a4b45a8", "fullName": "test_case.test_Demo.TestDemo#test_demo3", "labels": [{"name": "parentSuite", "value": "test_case"}, {"name": "suite", "value": "test_Demo"}, {"name": "subSuite", "value": "TestDemo"}, {"name": "host", "value": "ubuntu"}, {"name": "thread", "value": "10069-MainThread"}, {"name": "framework", "value": "pytest"}, {"name": "language", "value": "cpython3"}, {"name": "package", "value": "test_case.test_Demo"}]}